{"/Users/dennis/Documents/projects/backup/next_pay_exam/assets/src/index.js": {"path":"/Users/dennis/Documents/projects/backup/next_pay_exam/assets/src/index.js","statementMap":{"0":{"start":{"line":6,"column":0},"end":{"line":9,"column":2}}},"fnMap":{},"branchMap":{},"s":{"0":0},"f":{},"b":{}}
,"/Users/dennis/Documents/projects/backup/next_pay_exam/assets/src/api/app-integrations.js": {"path":"/Users/dennis/Documents/projects/backup/next_pay_exam/assets/src/api/app-integrations.js","statementMap":{"0":{"start":{"line":1,"column":25},"end":{"line":12,"column":1}},"1":{"start":{"line":2,"column":3},"end":{"line":11,"column":3}},"2":{"start":{"line":3,"column":22},"end":{"line":5,"column":5}},"3":{"start":{"line":6,"column":17},"end":{"line":6,"column":41}},"4":{"start":{"line":7,"column":4},"end":{"line":7,"column":16}},"5":{"start":{"line":9,"column":4},"end":{"line":9,"column":23}},"6":{"start":{"line":10,"column":4},"end":{"line":10,"column":11}},"7":{"start":{"line":14,"column":29},"end":{"line":25,"column":1}},"8":{"start":{"line":15,"column":2},"end":{"line":24,"column":3}},"9":{"start":{"line":16,"column":22},"end":{"line":18,"column":5}},"10":{"start":{"line":19,"column":17},"end":{"line":19,"column":41}},"11":{"start":{"line":20,"column":4},"end":{"line":20,"column":16}},"12":{"start":{"line":22,"column":4},"end":{"line":22,"column":23}},"13":{"start":{"line":23,"column":4},"end":{"line":23,"column":11}}},"fnMap":{"0":{"name":"(anonymous_0)","decl":{"start":{"line":1,"column":25},"end":{"line":1,"column":26}},"loc":{"start":{"line":1,"column":41},"end":{"line":12,"column":1}},"line":1},"1":{"name":"(anonymous_1)","decl":{"start":{"line":14,"column":29},"end":{"line":14,"column":30}},"loc":{"start":{"line":14,"column":45},"end":{"line":25,"column":1}},"line":14}},"branchMap":{},"s":{"0":1,"1":1,"2":1,"3":1,"4":0,"5":1,"6":1,"7":1,"8":1,"9":1,"10":1,"11":0,"12":1,"13":1},"f":{"0":1,"1":1},"b":{},"_coverageSchema":"1a1c01bbd47fc00a2c39e90264f33305004495a9","hash":"b61cb52433d67933d9bfb47bbd355a0515526af9"}
,"/Users/dennis/Documents/projects/backup/next_pay_exam/assets/src/api/tags.js": {"path":"/Users/dennis/Documents/projects/backup/next_pay_exam/assets/src/api/tags.js","statementMap":{"0":{"start":{"line":1,"column":25},"end":{"line":13,"column":1}},"1":{"start":{"line":2,"column":2},"end":{"line":12,"column":3}},"2":{"start":{"line":3,"column":21},"end":{"line":5,"column":5}},"3":{"start":{"line":7,"column":17},"end":{"line":7,"column":40}},"4":{"start":{"line":8,"column":4},"end":{"line":8,"column":16}},"5":{"start":{"line":10,"column":4},"end":{"line":10,"column":23}},"6":{"start":{"line":11,"column":4},"end":{"line":11,"column":11}}},"fnMap":{"0":{"name":"(anonymous_0)","decl":{"start":{"line":1,"column":25},"end":{"line":1,"column":26}},"loc":{"start":{"line":1,"column":41},"end":{"line":13,"column":1}},"line":1}},"branchMap":{},"s":{"0":1,"1":1,"2":1,"3":1,"4":0,"5":1,"6":1},"f":{"0":1},"b":{},"_coverageSchema":"1a1c01bbd47fc00a2c39e90264f33305004495a9","hash":"293c4f29f451f81511d896f3d657f3755026cc50"}
,"/Users/dennis/Documents/projects/backup/next_pay_exam/assets/src/components/Dashboard.js": {"path":"/Users/dennis/Documents/projects/backup/next_pay_exam/assets/src/components/Dashboard.js","statementMap":{"0":{"start":{"line":3,"column":25},"end":{"line":22,"column":1}},"1":{"start":{"line":4,"column":26},"end":{"line":4,"column":44}},"2":{"start":{"line":6,"column":2},"end":{"line":10,"column":9}},"3":{"start":{"line":7,"column":4},"end":{"line":9,"column":44}},"4":{"start":{"line":8,"column":26},"end":{"line":8,"column":41}},"5":{"start":{"line":9,"column":24},"end":{"line":9,"column":41}},"6":{"start":{"line":12,"column":2},"end":{"line":21,"column":4}},"7":{"start":{"line":17,"column":10},"end":{"line":17,"column":55}}},"fnMap":{"0":{"name":"(anonymous_0)","decl":{"start":{"line":3,"column":25},"end":{"line":3,"column":26}},"loc":{"start":{"line":3,"column":31},"end":{"line":22,"column":1}},"line":3},"1":{"name":"(anonymous_1)","decl":{"start":{"line":6,"column":18},"end":{"line":6,"column":19}},"loc":{"start":{"line":6,"column":24},"end":{"line":10,"column":3}},"line":6},"2":{"name":"(anonymous_2)","decl":{"start":{"line":8,"column":12},"end":{"line":8,"column":13}},"loc":{"start":{"line":8,"column":26},"end":{"line":8,"column":41}},"line":8},"3":{"name":"(anonymous_3)","decl":{"start":{"line":9,"column":12},"end":{"line":9,"column":13}},"loc":{"start":{"line":9,"column":22},"end":{"line":9,"column":42}},"line":9},"4":{"name":"(anonymous_4)","decl":{"start":{"line":16,"column":18},"end":{"line":16,"column":19}},"loc":{"start":{"line":16,"column":29},"end":{"line":18,"column":9}},"line":16}},"branchMap":{},"s":{"0":0,"1":0,"2":0,"3":0,"4":0,"5":0,"6":0,"7":0},"f":{"0":0,"1":0,"2":0,"3":0,"4":0},"b":{}}
,"/Users/dennis/Documents/projects/backup/next_pay_exam/assets/src/components/EmptyState.js": {"path":"/Users/dennis/Documents/projects/backup/next_pay_exam/assets/src/components/EmptyState.js","statementMap":{"0":{"start":{"line":3,"column":26},"end":{"line":10,"column":1}},"1":{"start":{"line":4,"column":2},"end":{"line":9,"column":3}},"2":{"start":{"line":12,"column":15},"end":{"line":29,"column":1}}},"fnMap":{"0":{"name":"(anonymous_0)","decl":{"start":{"line":3,"column":26},"end":{"line":3,"column":27}},"loc":{"start":{"line":3,"column":32},"end":{"line":10,"column":1}},"line":3}},"branchMap":{},"s":{"0":1,"1":0,"2":1},"f":{"0":0},"b":{},"_coverageSchema":"1a1c01bbd47fc00a2c39e90264f33305004495a9","hash":"de5ab90bfadf198ade1a61a33f918cc1a93cae10"}
,"/Users/dennis/Documents/projects/backup/next_pay_exam/assets/src/components/Home.js": {"path":"/Users/dennis/Documents/projects/backup/next_pay_exam/assets/src/components/Home.js","statementMap":{"0":{"start":{"line":23,"column":21},"end":{"line":23,"column":22}},"1":{"start":{"line":24,"column":22},"end":{"line":24,"column":24}},"2":{"start":{"line":26,"column":25},"end":{"line":31,"column":2}},"3":{"start":{"line":33,"column":20},"end":{"line":257,"column":1}},"4":{"start":{"line":34,"column":40},"end":{"line":34,"column":55}},"5":{"start":{"line":35,"column":26},"end":{"line":35,"column":40}},"6":{"start":{"line":36,"column":34},"end":{"line":36,"column":48}},"7":{"start":{"line":37,"column":26},"end":{"line":37,"column":38}},"8":{"start":{"line":38,"column":42},"end":{"line":38,"column":54}},"9":{"start":{"line":39,"column":34},"end":{"line":39,"column":46}},"10":{"start":{"line":40,"column":30},"end":{"line":44,"column":5}},"11":{"start":{"line":46,"column":2},"end":{"line":50,"column":9}},"12":{"start":{"line":47,"column":4},"end":{"line":47,"column":18}},"13":{"start":{"line":48,"column":4},"end":{"line":48,"column":23}},"14":{"start":{"line":49,"column":4},"end":{"line":49,"column":27}},"15":{"start":{"line":52,"column":2},"end":{"line":54,"column":15}},"16":{"start":{"line":53,"column":4},"end":{"line":53,"column":16}},"17":{"start":{"line":56,"column":31},"end":{"line":60,"column":3}},"18":{"start":{"line":57,"column":19},"end":{"line":57,"column":46}},"19":{"start":{"line":58,"column":4},"end":{"line":58,"column":20}},"20":{"start":{"line":59,"column":4},"end":{"line":59,"column":22}},"21":{"start":{"line":62,"column":20},"end":{"line":66,"column":3}},"22":{"start":{"line":63,"column":19},"end":{"line":63,"column":42}},"23":{"start":{"line":64,"column":4},"end":{"line":64,"column":20}},"24":{"start":{"line":65,"column":4},"end":{"line":65,"column":22}},"25":{"start":{"line":68,"column":22},"end":{"line":76,"column":3}},"26":{"start":{"line":69,"column":19},"end":{"line":69,"column":36}},"27":{"start":{"line":70,"column":27},"end":{"line":72,"column":10}},"28":{"start":{"line":71,"column":6},"end":{"line":71,"column":55}},"29":{"start":{"line":74,"column":4},"end":{"line":74,"column":32}},"30":{"start":{"line":75,"column":4},"end":{"line":75,"column":20}},"31":{"start":{"line":78,"column":21},"end":{"line":81,"column":3}},"32":{"start":{"line":79,"column":4},"end":{"line":79,"column":38}},"33":{"start":{"line":80,"column":4},"end":{"line":80,"column":26}},"34":{"start":{"line":83,"column":27},"end":{"line":102,"column":3}},"35":{"start":{"line":84,"column":4},"end":{"line":84,"column":41}},"36":{"start":{"line":84,"column":34},"end":{"line":84,"column":41}},"37":{"start":{"line":86,"column":4},"end":{"line":101,"column":5}},"38":{"start":{"line":89,"column":10},"end":{"line":98,"column":12}},"39":{"start":{"line":93,"column":32},"end":{"line":93,"column":51}},"40":{"start":{"line":104,"column":25},"end":{"line":106,"column":3}},"41":{"start":{"line":105,"column":4},"end":{"line":105,"column":64}},"42":{"start":{"line":105,"column":36},"end":{"line":105,"column":51}},"43":{"start":{"line":108,"column":25},"end":{"line":124,"column":3}},"44":{"start":{"line":109,"column":4},"end":{"line":123,"column":5}},"45":{"start":{"line":110,"column":28},"end":{"line":112,"column":7}},"46":{"start":{"line":111,"column":13},"end":{"line":111,"column":29}},"47":{"start":{"line":113,"column":6},"end":{"line":113,"column":37}},"48":{"start":{"line":118,"column":28},"end":{"line":118,"column":57}},"49":{"start":{"line":119,"column":6},"end":{"line":119,"column":37}},"50":{"start":{"line":126,"column":22},"end":{"line":128,"column":3}},"51":{"start":{"line":127,"column":4},"end":{"line":127,"column":33}},"52":{"start":{"line":130,"column":26},"end":{"line":146,"column":3}},"53":{"start":{"line":131,"column":4},"end":{"line":131,"column":26}},"54":{"start":{"line":131,"column":19},"end":{"line":131,"column":26}},"55":{"start":{"line":133,"column":4},"end":{"line":145,"column":5}},"56":{"start":{"line":135,"column":8},"end":{"line":143,"column":10}},"57":{"start":{"line":148,"column":21},"end":{"line":161,"column":3}},"58":{"start":{"line":149,"column":4},"end":{"line":149,"column":26}},"59":{"start":{"line":149,"column":19},"end":{"line":149,"column":26}},"60":{"start":{"line":150,"column":4},"end":{"line":160,"column":5}},"61":{"start":{"line":151,"column":6},"end":{"line":155,"column":7}},"62":{"start":{"line":157,"column":6},"end":{"line":159,"column":7}},"63":{"start":{"line":163,"column":23},"end":{"line":178,"column":3}},"64":{"start":{"line":164,"column":4},"end":{"line":164,"column":58}},"65":{"start":{"line":164,"column":51},"end":{"line":164,"column":58}},"66":{"start":{"line":166,"column":18},"end":{"line":166,"column":63}},"67":{"start":{"line":167,"column":14},"end":{"line":167,"column":40}},"68":{"start":{"line":168,"column":4},"end":{"line":172,"column":5}},"69":{"start":{"line":169,"column":6},"end":{"line":169,"column":26}},"70":{"start":{"line":170,"column":11},"end":{"line":172,"column":5}},"71":{"start":{"line":171,"column":6},"end":{"line":171,"column":31}},"72":{"start":{"line":173,"column":4},"end":{"line":177,"column":5}},"73":{"start":{"line":180,"column":2},"end":{"line":256,"column":4}},"74":{"start":{"line":189,"column":25},"end":{"line":189,"column":68}},"75":{"start":{"line":200,"column":12},"end":{"line":200,"column":72}},"76":{"start":{"line":215,"column":35},"end":{"line":215,"column":89}},"77":{"start":{"line":259,"column":15},"end":{"line":287,"column":1}}},"fnMap":{"0":{"name":"(anonymous_0)","decl":{"start":{"line":33,"column":20},"end":{"line":33,"column":21}},"loc":{"start":{"line":33,"column":26},"end":{"line":257,"column":1}},"line":33},"1":{"name":"(anonymous_1)","decl":{"start":{"line":46,"column":12},"end":{"line":46,"column":13}},"loc":{"start":{"line":46,"column":18},"end":{"line":50,"column":3}},"line":46},"2":{"name":"(anonymous_2)","decl":{"start":{"line":52,"column":12},"end":{"line":52,"column":13}},"loc":{"start":{"line":52,"column":18},"end":{"line":54,"column":3}},"line":52},"3":{"name":"(anonymous_3)","decl":{"start":{"line":56,"column":31},"end":{"line":56,"column":32}},"loc":{"start":{"line":56,"column":43},"end":{"line":60,"column":3}},"line":56},"4":{"name":"(anonymous_4)","decl":{"start":{"line":62,"column":20},"end":{"line":62,"column":21}},"loc":{"start":{"line":62,"column":32},"end":{"line":66,"column":3}},"line":62},"5":{"name":"(anonymous_5)","decl":{"start":{"line":68,"column":22},"end":{"line":68,"column":23}},"loc":{"start":{"line":68,"column":34},"end":{"line":76,"column":3}},"line":68},"6":{"name":"(anonymous_6)","decl":{"start":{"line":70,"column":41},"end":{"line":70,"column":42}},"loc":{"start":{"line":70,"column":58},"end":{"line":72,"column":5}},"line":70},"7":{"name":"(anonymous_7)","decl":{"start":{"line":78,"column":21},"end":{"line":78,"column":22}},"loc":{"start":{"line":78,"column":32},"end":{"line":81,"column":3}},"line":78},"8":{"name":"(anonymous_8)","decl":{"start":{"line":83,"column":27},"end":{"line":83,"column":28}},"loc":{"start":{"line":83,"column":33},"end":{"line":102,"column":3}},"line":83},"9":{"name":"(anonymous_9)","decl":{"start":{"line":88,"column":18},"end":{"line":88,"column":19}},"loc":{"start":{"line":89,"column":10},"end":{"line":98,"column":12}},"line":89},"10":{"name":"(anonymous_10)","decl":{"start":{"line":93,"column":26},"end":{"line":93,"column":27}},"loc":{"start":{"line":93,"column":32},"end":{"line":93,"column":51}},"line":93},"11":{"name":"(anonymous_11)","decl":{"start":{"line":104,"column":25},"end":{"line":104,"column":26}},"loc":{"start":{"line":104,"column":32},"end":{"line":106,"column":3}},"line":104},"12":{"name":"(anonymous_12)","decl":{"start":{"line":105,"column":27},"end":{"line":105,"column":28}},"loc":{"start":{"line":105,"column":36},"end":{"line":105,"column":51}},"line":105},"13":{"name":"(anonymous_13)","decl":{"start":{"line":108,"column":25},"end":{"line":108,"column":26}},"loc":{"start":{"line":108,"column":32},"end":{"line":124,"column":3}},"line":108},"14":{"name":"(anonymous_14)","decl":{"start":{"line":111,"column":8},"end":{"line":111,"column":9}},"loc":{"start":{"line":111,"column":13},"end":{"line":111,"column":29}},"line":111},"15":{"name":"(anonymous_15)","decl":{"start":{"line":126,"column":22},"end":{"line":126,"column":23}},"loc":{"start":{"line":126,"column":28},"end":{"line":128,"column":3}},"line":126},"16":{"name":"(anonymous_16)","decl":{"start":{"line":130,"column":26},"end":{"line":130,"column":27}},"loc":{"start":{"line":130,"column":32},"end":{"line":146,"column":3}},"line":130},"17":{"name":"(anonymous_17)","decl":{"start":{"line":134,"column":32},"end":{"line":134,"column":33}},"loc":{"start":{"line":135,"column":8},"end":{"line":143,"column":10}},"line":135},"18":{"name":"(anonymous_18)","decl":{"start":{"line":148,"column":21},"end":{"line":148,"column":22}},"loc":{"start":{"line":148,"column":27},"end":{"line":161,"column":3}},"line":148},"19":{"name":"(anonymous_19)","decl":{"start":{"line":163,"column":23},"end":{"line":163,"column":24}},"loc":{"start":{"line":163,"column":29},"end":{"line":178,"column":3}},"line":163},"20":{"name":"(anonymous_20)","decl":{"start":{"line":189,"column":20},"end":{"line":189,"column":21}},"loc":{"start":{"line":189,"column":25},"end":{"line":189,"column":68}},"line":189},"21":{"name":"(anonymous_21)","decl":{"start":{"line":199,"column":21},"end":{"line":199,"column":22}},"loc":{"start":{"line":199,"column":27},"end":{"line":201,"column":11}},"line":199},"22":{"name":"(anonymous_22)","decl":{"start":{"line":215,"column":24},"end":{"line":215,"column":25}},"loc":{"start":{"line":215,"column":35},"end":{"line":215,"column":89}},"line":215}},"branchMap":{"0":{"loc":{"start":{"line":84,"column":4},"end":{"line":84,"column":41}},"type":"if","locations":[{"start":{"line":84,"column":4},"end":{"line":84,"column":41}},{"start":{},"end":{}}],"line":84},"1":{"loc":{"start":{"line":84,"column":8},"end":{"line":84,"column":32}},"type":"binary-expr","locations":[{"start":{"line":84,"column":8},"end":{"line":84,"column":13}},{"start":{"line":84,"column":17},"end":{"line":84,"column":32}}],"line":84},"2":{"loc":{"start":{"line":109,"column":4},"end":{"line":123,"column":5}},"type":"if","locations":[{"start":{"line":109,"column":4},"end":{"line":123,"column":5}},{"start":{"line":117,"column":11},"end":{"line":123,"column":5}}],"line":109},"3":{"loc":{"start":{"line":131,"column":4},"end":{"line":131,"column":26}},"type":"if","locations":[{"start":{"line":131,"column":4},"end":{"line":131,"column":26}},{"start":{},"end":{}}],"line":131},"4":{"loc":{"start":{"line":149,"column":4},"end":{"line":149,"column":26}},"type":"if","locations":[{"start":{"line":149,"column":4},"end":{"line":149,"column":26}},{"start":{},"end":{}}],"line":149},"5":{"loc":{"start":{"line":150,"column":4},"end":{"line":160,"column":5}},"type":"if","locations":[{"start":{"line":150,"column":4},"end":{"line":160,"column":5}},{"start":{"line":156,"column":11},"end":{"line":160,"column":5}}],"line":150},"6":{"loc":{"start":{"line":150,"column":8},"end":{"line":150,"column":48}},"type":"binary-expr","locations":[{"start":{"line":150,"column":8},"end":{"line":150,"column":12}},{"start":{"line":150,"column":16},"end":{"line":150,"column":48}}],"line":150},"7":{"loc":{"start":{"line":164,"column":4},"end":{"line":164,"column":58}},"type":"if","locations":[{"start":{"line":164,"column":4},"end":{"line":164,"column":58}},{"start":{},"end":{}}],"line":164},"8":{"loc":{"start":{"line":164,"column":8},"end":{"line":164,"column":49}},"type":"binary-expr","locations":[{"start":{"line":164,"column":8},"end":{"line":164,"column":13}},{"start":{"line":164,"column":17},"end":{"line":164,"column":49}}],"line":164},"9":{"loc":{"start":{"line":168,"column":4},"end":{"line":172,"column":5}},"type":"if","locations":[{"start":{"line":168,"column":4},"end":{"line":172,"column":5}},{"start":{"line":170,"column":11},"end":{"line":172,"column":5}}],"line":168},"10":{"loc":{"start":{"line":170,"column":11},"end":{"line":172,"column":5}},"type":"if","locations":[{"start":{"line":170,"column":11},"end":{"line":172,"column":5}},{"start":{},"end":{}}],"line":170},"11":{"loc":{"start":{"line":210,"column":8},"end":{"line":219,"column":9}},"type":"binary-expr","locations":[{"start":{"line":210,"column":8},"end":{"line":210,"column":18}},{"start":{"line":210,"column":22},"end":{"line":210,"column":26}},{"start":{"line":210,"column":30},"end":{"line":210,"column":62}},{"start":{"line":211,"column":10},"end":{"line":218,"column":12}}],"line":210},"12":{"loc":{"start":{"line":216,"column":19},"end":{"line":216,"column":40}},"type":"binary-expr","locations":[{"start":{"line":216,"column":19},"end":{"line":216,"column":35}},{"start":{"line":216,"column":39},"end":{"line":216,"column":40}}],"line":216}},"s":{"0":1,"1":1,"2":1,"3":1,"4":2,"5":1,"6":1,"7":1,"8":1,"9":1,"10":1,"11":1,"12":1,"13":1,"14":1,"15":1,"16":1,"17":1,"18":1,"19":1,"20":1,"21":1,"22":1,"23":1,"24":1,"25":1,"26":1,"27":1,"28":0,"29":0,"30":0,"31":1,"32":0,"33":0,"34":1,"35":2,"36":2,"37":0,"38":0,"39":0,"40":1,"41":0,"42":0,"43":1,"44":0,"45":0,"46":0,"47":0,"48":0,"49":0,"50":1,"51":0,"52":1,"53":0,"54":0,"55":0,"56":0,"57":1,"58":1,"59":1,"60":0,"61":0,"62":0,"63":1,"64":1,"65":1,"66":0,"67":0,"68":0,"69":0,"70":0,"71":0,"72":0,"73":1,"74":0,"75":0,"76":0,"77":1},"f":{"0":2,"1":1,"2":1,"3":1,"4":1,"5":1,"6":0,"7":0,"8":2,"9":0,"10":0,"11":0,"12":0,"13":0,"14":0,"15":0,"16":0,"17":0,"18":1,"19":1,"20":0,"21":0,"22":0},"b":{"0":[2,0],"1":[2,2],"2":[0,0],"3":[0,0],"4":[1,0],"5":[0,0],"6":[0,0],"7":[1,0],"8":[1,0],"9":[0,0],"10":[0,0],"11":[1,0,0,0],"12":[0,0]},"_coverageSchema":"1a1c01bbd47fc00a2c39e90264f33305004495a9","hash":"5d75fcd75962b6f8e17160bb7071d8a8bd0ba331"}
,"/Users/dennis/Documents/projects/backup/next_pay_exam/assets/src/components/LoadingState.js": {"path":"/Users/dennis/Documents/projects/backup/next_pay_exam/assets/src/components/LoadingState.js","statementMap":{"0":{"start":{"line":4,"column":28},"end":{"line":10,"column":1}},"1":{"start":{"line":5,"column":2},"end":{"line":9,"column":3}},"2":{"start":{"line":12,"column":15},"end":{"line":20,"column":1}}},"fnMap":{"0":{"name":"(anonymous_0)","decl":{"start":{"line":4,"column":28},"end":{"line":4,"column":29}},"loc":{"start":{"line":4,"column":34},"end":{"line":10,"column":1}},"line":4}},"branchMap":{},"s":{"0":0,"1":0,"2":0},"f":{"0":0},"b":{}}
,"/Users/dennis/Documents/projects/backup/next_pay_exam/assets/src/components/common/Card.js": {"path":"/Users/dennis/Documents/projects/backup/next_pay_exam/assets/src/components/common/Card.js","statementMap":{"0":{"start":{"line":4,"column":20},"end":{"line":31,"column":1}},"1":{"start":{"line":5,"column":2},"end":{"line":30,"column":3}},"2":{"start":{"line":33,"column":15},"end":{"line":43,"column":1}}},"fnMap":{"0":{"name":"(anonymous_0)","decl":{"start":{"line":4,"column":20},"end":{"line":4,"column":21}},"loc":{"start":{"line":4,"column":96},"end":{"line":31,"column":1}},"line":4}},"branchMap":{},"s":{"0":1,"1":0,"2":1},"f":{"0":0},"b":{},"_coverageSchema":"1a1c01bbd47fc00a2c39e90264f33305004495a9","hash":"3c2b9f5c646c55a2c588b2d4a270c24a2ce57f65"}
,"/Users/dennis/Documents/projects/backup/next_pay_exam/assets/src/components/common/PopperMenu.js": {"path":"/Users/dennis/Documents/projects/backup/next_pay_exam/assets/src/components/common/PopperMenu.js","statementMap":{"0":{"start":{"line":9,"column":34},"end":{"line":9,"column":54}},"1":{"start":{"line":11,"column":22},"end":{"line":13,"column":3}},"2":{"start":{"line":12,"column":4},"end":{"line":12,"column":55}},"3":{"start":{"line":15,"column":15},"end":{"line":15,"column":32}},"4":{"start":{"line":16,"column":13},"end":{"line":16,"column":45}},"5":{"start":{"line":18,"column":2},"end":{"line":40,"column":4}},"6":{"start":{"line":43,"column":15},"end":{"line":49,"column":1}},"7":{"start":{"line":51,"column":23},"end":{"line":62,"column":2}}},"fnMap":{"0":{"name":"PopperMenu","decl":{"start":{"line":8,"column":24},"end":{"line":8,"column":34}},"loc":{"start":{"line":8,"column":60},"end":{"line":41,"column":1}},"line":8},"1":{"name":"(anonymous_1)","decl":{"start":{"line":11,"column":22},"end":{"line":11,"column":23}},"loc":{"start":{"line":11,"column":33},"end":{"line":13,"column":3}},"line":11}},"branchMap":{"0":{"loc":{"start":{"line":12,"column":16},"end":{"line":12,"column":53}},"type":"cond-expr","locations":[{"start":{"line":12,"column":27},"end":{"line":12,"column":31}},{"start":{"line":12,"column":34},"end":{"line":12,"column":53}}],"line":12},"1":{"loc":{"start":{"line":16,"column":13},"end":{"line":16,"column":45}},"type":"cond-expr","locations":[{"start":{"line":16,"column":20},"end":{"line":16,"column":33}},{"start":{"line":16,"column":36},"end":{"line":16,"column":45}}],"line":16}},"s":{"0":1,"1":1,"2":0,"3":1,"4":1,"5":1,"6":1,"7":1},"f":{"0":1,"1":0},"b":{"0":[0,0],"1":[0,1]},"_coverageSchema":"1a1c01bbd47fc00a2c39e90264f33305004495a9","hash":"180fb0befdde5bc2538cb14f7eddaffb75b6a155"}
}
