TN:
SF:src/index.js
FNF:0
FNH:0
DA:6,0
LF:1
LH:0
BRF:0
BRH:0
end_of_record
TN:
SF:src/api/app-integrations.js
FN:1,(anonymous_0)
FN:14,(anonymous_1)
FNF:2
FNH:2
FNDA:1,(anonymous_0)
FNDA:1,(anonymous_1)
DA:1,1
DA:2,1
DA:3,1
DA:6,1
DA:7,0
DA:9,1
DA:10,1
DA:14,1
DA:15,1
DA:16,1
DA:19,1
DA:20,0
DA:22,1
DA:23,1
LF:14
LH:12
BRF:0
BRH:0
end_of_record
TN:
SF:src/api/tags.js
FN:1,(anonymous_0)
FNF:1
FNH:1
FNDA:1,(anonymous_0)
DA:1,1
DA:2,1
DA:3,1
DA:7,1
DA:8,0
DA:10,1
DA:11,1
LF:7
LH:6
BRF:0
BRH:0
end_of_record
TN:
SF:src/components/Dashboard.js
FN:3,(anonymous_0)
FN:6,(anonymous_1)
FN:8,(anonymous_2)
FN:9,(anonymous_3)
FN:16,(anonymous_4)
FNF:5
FNH:0
FNDA:0,(anonymous_0)
FNDA:0,(anonymous_1)
FNDA:0,(anonymous_2)
FNDA:0,(anonymous_3)
FNDA:0,(anonymous_4)
DA:3,0
DA:4,0
DA:6,0
DA:7,0
DA:8,0
DA:9,0
DA:12,0
DA:17,0
LF:8
LH:0
BRF:0
BRH:0
end_of_record
TN:
SF:src/components/EmptyState.js
FN:3,(anonymous_0)
FNF:1
FNH:0
FNDA:0,(anonymous_0)
DA:3,1
DA:4,0
DA:12,1
LF:3
LH:2
BRF:0
BRH:0
end_of_record
TN:
SF:src/components/Home.js
FN:33,(anonymous_0)
FN:46,(anonymous_1)
FN:52,(anonymous_2)
FN:56,(anonymous_3)
FN:62,(anonymous_4)
FN:68,(anonymous_5)
FN:70,(anonymous_6)
FN:78,(anonymous_7)
FN:83,(anonymous_8)
FN:88,(anonymous_9)
FN:93,(anonymous_10)
FN:104,(anonymous_11)
FN:105,(anonymous_12)
FN:108,(anonymous_13)
FN:111,(anonymous_14)
FN:126,(anonymous_15)
FN:130,(anonymous_16)
FN:134,(anonymous_17)
FN:148,(anonymous_18)
FN:163,(anonymous_19)
FN:189,(anonymous_20)
FN:199,(anonymous_21)
FN:215,(anonymous_22)
FNF:23
FNH:9
FNDA:2,(anonymous_0)
FNDA:1,(anonymous_1)
FNDA:1,(anonymous_2)
FNDA:1,(anonymous_3)
FNDA:1,(anonymous_4)
FNDA:1,(anonymous_5)
FNDA:0,(anonymous_6)
FNDA:0,(anonymous_7)
FNDA:2,(anonymous_8)
FNDA:0,(anonymous_9)
FNDA:0,(anonymous_10)
FNDA:0,(anonymous_11)
FNDA:0,(anonymous_12)
FNDA:0,(anonymous_13)
FNDA:0,(anonymous_14)
FNDA:0,(anonymous_15)
FNDA:0,(anonymous_16)
FNDA:0,(anonymous_17)
FNDA:1,(anonymous_18)
FNDA:1,(anonymous_19)
FNDA:0,(anonymous_20)
FNDA:0,(anonymous_21)
FNDA:0,(anonymous_22)
DA:23,1
DA:24,1
DA:26,1
DA:33,1
DA:34,2
DA:35,1
DA:36,1
DA:37,1
DA:38,1
DA:39,1
DA:40,1
DA:46,1
DA:47,1
DA:48,1
DA:49,1
DA:52,1
DA:53,1
DA:56,1
DA:57,1
DA:58,1
DA:59,1
DA:62,1
DA:63,1
DA:64,1
DA:65,1
DA:68,1
DA:69,1
DA:70,1
DA:71,0
DA:74,0
DA:75,0
DA:78,1
DA:79,0
DA:80,0
DA:83,1
DA:84,2
DA:86,0
DA:89,0
DA:93,0
DA:104,1
DA:105,0
DA:108,1
DA:109,0
DA:110,0
DA:111,0
DA:113,0
DA:118,0
DA:119,0
DA:126,1
DA:127,0
DA:130,1
DA:131,0
DA:133,0
DA:135,0
DA:148,1
DA:149,1
DA:150,0
DA:151,0
DA:157,0
DA:163,1
DA:164,1
DA:166,0
DA:167,0
DA:168,0
DA:169,0
DA:170,0
DA:171,0
DA:173,0
DA:180,1
DA:189,0
DA:200,0
DA:215,0
DA:259,1
LF:73
LH:41
BRDA:84,0,0,2
BRDA:84,0,1,0
BRDA:84,1,0,2
BRDA:84,1,1,2
BRDA:109,2,0,0
BRDA:109,2,1,0
BRDA:131,3,0,0
BRDA:131,3,1,0
BRDA:149,4,0,1
BRDA:149,4,1,0
BRDA:150,5,0,0
BRDA:150,5,1,0
BRDA:150,6,0,0
BRDA:150,6,1,0
BRDA:164,7,0,1
BRDA:164,7,1,0
BRDA:164,8,0,1
BRDA:164,8,1,0
BRDA:168,9,0,0
BRDA:168,9,1,0
BRDA:170,10,0,0
BRDA:170,10,1,0
BRDA:210,11,0,1
BRDA:210,11,1,0
BRDA:210,11,2,0
BRDA:210,11,3,0
BRDA:216,12,0,0
BRDA:216,12,1,0
BRF:28
BRH:7
end_of_record
TN:
SF:src/components/LoadingState.js
FN:4,(anonymous_0)
FNF:1
FNH:0
FNDA:0,(anonymous_0)
DA:4,0
DA:5,0
DA:12,0
LF:3
LH:0
BRF:0
BRH:0
end_of_record
TN:
SF:src/components/common/Card.js
FN:4,(anonymous_0)
FNF:1
FNH:0
FNDA:0,(anonymous_0)
DA:4,1
DA:5,0
DA:33,1
LF:3
LH:2
BRF:0
BRH:0
end_of_record
TN:
SF:src/components/common/PopperMenu.js
FN:8,PopperMenu
FN:11,(anonymous_1)
FNF:2
FNH:1
FNDA:1,PopperMenu
FNDA:0,(anonymous_1)
DA:9,1
DA:11,1
DA:12,0
DA:15,1
DA:16,1
DA:18,1
DA:43,1
DA:51,1
LF:8
LH:7
BRDA:12,0,0,0
BRDA:12,0,1,0
BRDA:16,1,0,0
BRDA:16,1,1,1
BRF:4
BRH:1
end_of_record
